<?xml version="1.0" encoding="UTF-8"?>
<!-- Generated by org.testng.reporters.JUnitReportReporter -->
<testsuite hostname="santhini-ubuntu" failures="0" tests="1" name="org.SeleniumHq.Amazon" time="5.277" errors="0" timestamp="02 Oct 2020 09:29:30 GMT" skipped="0">
  <testcase classname="org.SeleniumHq.Amazon" name="launchGoogle" time="5.277"/>
</testsuite> <!-- org.SeleniumHq.Amazon -->
