<?xml version="1.0" encoding="UTF-8"?>
<!-- Generated by org.testng.reporters.JUnitReportReporter -->
<testsuite hostname="santhini-ubuntu" failures="0" tests="1" name="org.SeleniumHq.GoogleGmailTest" time="6.609" errors="0" timestamp="02 Oct 2020 09:29:30 GMT" skipped="0">
  <testcase classname="org.SeleniumHq.GoogleGmailTest" name="launchGoogle" time="6.609"/>
</testsuite> <!-- org.SeleniumHq.GoogleGmailTest -->
