<?xml version="1.0" encoding="UTF-8"?>
<!-- Generated by org.testng.reporters.JUnitReportReporter -->
<testsuite hostname="santhini-ubuntu" failures="0" tests="1" name="org.SeleniumHq.ZapposTest" time="5.353" errors="0" timestamp="02 Oct 2020 09:26:50 GMT" skipped="0">
  <testcase classname="org.SeleniumHq.ZapposTest" name="launchGoogle" time="5.353"/>
</testsuite> <!-- org.SeleniumHq.ZapposTest -->
